Using pre-set license
Built from '2022.1/release' branch; Version is '2022.1.0f1 (369b620af41c) revision 3578722'; Using compiler version '192829333'; Build Type 'Release'
OS: 'Windows 11  (10.0.22000) 64bit Core' Language: 'en' Physical Memory: 15734 MB
BatchMode: 1, IsHumanControllingUs: 0, StartBugReporterOnCrash: 0, Is64bit: 1, IsPro: 1

COMMAND LINE ARGUMENTS:
C:\Program Files\Unity\Hub\Editor\2022.1.0f1\Editor\Unity.exe
-adb2
-batchMode
-noUpm
-name
AssetImportWorker0
-projectPath
C:/Users/cpdav/Documents/Unity_Projects/Chess_Roulette
-logFile
Logs/AssetImportWorker0.log
-srvPort
53561
Successfully changed project path to: C:/Users/cpdav/Documents/Unity_Projects/Chess_Roulette
C:/Users/cpdav/Documents/Unity_Projects/Chess_Roulette
[UnityMemory] Configuration Parameters - Can be set up in boot.config
    "memorysetup-bucket-allocator-granularity=16"
    "memorysetup-bucket-allocator-bucket-count=8"
    "memorysetup-bucket-allocator-block-size=33554432"
    "memorysetup-bucket-allocator-block-count=8"
    "memorysetup-main-allocator-block-size=16777216"
    "memorysetup-thread-allocator-block-size=16777216"
    "memorysetup-gfx-main-allocator-block-size=16777216"
    "memorysetup-gfx-thread-allocator-block-size=16777216"
    "memorysetup-cache-allocator-block-size=4194304"
    "memorysetup-typetree-allocator-block-size=2097152"
    "memorysetup-profiler-bucket-allocator-granularity=16"
    "memorysetup-profiler-bucket-allocator-bucket-count=8"
    "memorysetup-profiler-bucket-allocator-block-size=33554432"
    "memorysetup-profiler-bucket-allocator-block-count=8"
    "memorysetup-profiler-allocator-block-size=16777216"
    "memorysetup-profiler-editor-allocator-block-size=1048576"
    "memorysetup-temp-allocator-size-main=16777216"
    "memorysetup-job-temp-allocator-block-size=2097152"
    "memorysetup-job-temp-allocator-block-size-background=1048576"
    "memorysetup-job-temp-allocator-reduction-small-platforms=262144"
    "memorysetup-temp-allocator-size-background-worker=32768"
    "memorysetup-temp-allocator-size-job-worker=262144"
    "memorysetup-temp-allocator-size-preload-manager=33554432"
    "memorysetup-temp-allocator-size-nav-mesh-worker=65536"
    "memorysetup-temp-allocator-size-audio-worker=65536"
    "memorysetup-temp-allocator-size-cloud-worker=32768"
    "memorysetup-temp-allocator-size-gi-baking-worker=262144"
    "memorysetup-temp-allocator-size-gfx=262144"
Refreshing native plugins compatible for Editor in 119.38 ms, found 3 plugins.
Preloading 0 native plugins for Editor in 0.00 ms.
Initialize engine version: 2022.1.0f1 (369b620af41c)
[Subsystems] Discovering subsystems at path C:/Program Files/Unity/Hub/Editor/2022.1.0f1/Editor/Data/Resources/UnitySubsystems
[Subsystems] Discovering subsystems at path C:/Users/cpdav/Documents/Unity_Projects/Chess_Roulette/Assets
GfxDevice: creating device client; threaded=0; jobified=0
Direct3D:
    Version:  Direct3D 11.0 [level 11.1]
    Renderer: NVIDIA GeForce RTX 3050 Ti Laptop GPU (ID=0x2563)
    Vendor:   NVIDIA
    VRAM:     3990 MB
    Driver:   30.0.14.7219
Initialize mono
Mono path[0] = 'C:/Program Files/Unity/Hub/Editor/2022.1.0f1/Editor/Data/Managed'
Mono path[1] = 'C:/Program Files/Unity/Hub/Editor/2022.1.0f1/Editor/Data/MonoBleedingEdge/lib/mono/unityjit-win32'
Mono config path = 'C:/Program Files/Unity/Hub/Editor/2022.1.0f1/Editor/Data/MonoBleedingEdge/etc'
Using monoOptions --debugger-agent=transport=dt_socket,embedding=1,server=y,suspend=n,address=127.0.0.1:56100
Begin MonoManager ReloadAssembly
Registering precompiled unity dll's ...
Register platform support module: C:/Program Files/Unity/Hub/Editor/2022.1.0f1/Editor/Data/PlaybackEngines/WebGLSupport/UnityEditor.WebGL.Extensions.dll
Register platform support module: C:/Program Files/Unity/Hub/Editor/2022.1.0f1/Editor/Data/PlaybackEngines/WindowsStandaloneSupport/UnityEditor.WindowsStandalone.Extensions.dll
Registered in 0.004113 seconds.
Native extension for WindowsStandalone target not found
Native extension for WebGL target not found
Refreshing native plugins compatible for Editor in 80.26 ms, found 3 plugins.
Preloading 0 native plugins for Editor in 0.00 ms.
Mono: successfully reloaded assembly
- Completed reload, in  0.863 seconds
Domain Reload Profiling:
	ReloadAssembly (864ms)
		BeginReloadAssembly (153ms)
			ExecutionOrderSort (0ms)
			DisableScriptedObjects (0ms)
			BackupInstance (0ms)
			ReleaseScriptingObjects (0ms)
			CreateAndSetChildDomain (1ms)
		EndReloadAssembly (557ms)
			LoadAssemblies (151ms)
			RebuildTransferFunctionScriptingTraits (0ms)
			SetupTypeCache (156ms)
				TypeCache.Initialize (155ms)
					TypeCache.ScanAssembly (153ms)
				ResolveRequiredComponents (1ms)
			ReleaseScriptCaches (0ms)
			RebuildScriptCaches (34ms)
			SetupLoadedEditorAssemblies (307ms)
				LogAssemblyErrors (0ms)
				InitializePlatformSupportModulesInManaged (10ms)
				SetLoadedEditorAssemblies (8ms)
				RefreshPlugins (80ms)
				BeforeProcessingInitializeOnLoad (1ms)
				ProcessInitializeOnLoadAttributes (157ms)
				ProcessInitializeOnLoadMethodAttributes (50ms)
				AfterProcessingInitializeOnLoad (0ms)
				EditorAssembliesLoaded (0ms)
			ExecutionOrderSort2 (0ms)
			AwakeInstancesAfterBackupRestoration (0ms)
Platform modules already initialized, skipping
Registering precompiled user dll's ...
Registered in 0.005024 seconds.
Begin MonoManager ReloadAssembly
Symbol file LoadedFromMemory doesn't match image C:\Users\cpdav\Documents\Unity_Projects\Chess_Roulette\Library\PackageCache\com.unity.visualscripting@1.7.5\Editor\VisualScripting.Core\Dependencies\YamlDotNet\Unity.VisualScripting.YamlDotNet.dll
Symbol file LoadedFromMemory doesn't match image C:\Users\cpdav\Documents\Unity_Projects\Chess_Roulette\Library\PackageCache\com.unity.visualscripting@1.7.5\Editor\VisualScripting.Core\Dependencies\DotNetZip\Unity.VisualScripting.IonicZip.dll
Native extension for WindowsStandalone target not found
Native extension for WebGL target not found
Refreshing native plugins compatible for Editor in 1.12 ms, found 3 plugins.
Preloading 0 native plugins for Editor in 0.00 ms.
Mono: successfully reloaded assembly
- Completed reload, in  1.254 seconds
Domain Reload Profiling:
	ReloadAssembly (1255ms)
		BeginReloadAssembly (143ms)
			ExecutionOrderSort (0ms)
			DisableScriptedObjects (5ms)
			BackupInstance (0ms)
			ReleaseScriptingObjects (0ms)
			CreateAndSetChildDomain (29ms)
		EndReloadAssembly (980ms)
			LoadAssemblies (95ms)
			RebuildTransferFunctionScriptingTraits (0ms)
			SetupTypeCache (323ms)
				TypeCache.Initialize (319ms)
					TypeCache.ScanAssembly (310ms)
				ResolveRequiredComponents (4ms)
			ReleaseScriptCaches (1ms)
			RebuildScriptCaches (62ms)
			SetupLoadedEditorAssemblies (446ms)
				LogAssemblyErrors (0ms)
				InitializePlatformSupportModulesInManaged (8ms)
				SetLoadedEditorAssemblies (8ms)
				RefreshPlugins (1ms)
				BeforeProcessingInitializeOnLoad (99ms)
				ProcessInitializeOnLoadAttributes (285ms)
				ProcessInitializeOnLoadMethodAttributes (40ms)
				AfterProcessingInitializeOnLoad (6ms)
				EditorAssembliesLoaded (0ms)
			ExecutionOrderSort2 (0ms)
			AwakeInstancesAfterBackupRestoration (7ms)
Platform modules already initialized, skipping
========================================================================
Worker process is ready to serve import requests
Launched and connected shader compiler UnityShaderCompiler.exe after 0.08 seconds
Refreshing native plugins compatible for Editor in 1.30 ms, found 3 plugins.
Preloading 0 native plugins for Editor in 0.00 ms.
Unloading 3392 Unused Serialized files (Serialized files now loaded: 0)
Unloading 24 unused Assets / (31.0 KB). Loaded Objects now: 3871.
Memory consumption went from 0.52 GB to 0.52 GB.
Total: 5.143800 ms (FindLiveObjects: 0.657400 ms CreateObjectMapping: 0.262100 ms MarkObjects: 4.179100 ms  DeleteObjects: 0.042600 ms)

AssetImportParameters requested are different than current active one (requested -> active):
  custom:video-decoder-ogg-theora: a1e56fd34408186e4bbccfd4996cb3dc -> 
  custom:container-muxer-webm: aa71ff27fc2769a1b78a27578f13a17b -> 
  custom:container-demuxer-webm: 4f35f7cbe854078d1ac9338744f61a02 -> 
  custom:video-encoder-webm-vp8: eb34c28f22e8b96e1ab97ce403110664 -> 
  custom:video-codec-MediaFoundation-h265: 746d11721c4dcdbdad8f713fa42b33f4 -> 
  custom:audio-encoder-webm-vorbis: bf7c407c2cedff20999df2af8eb42d56 -> 
  custom:framework-win-MediaFoundation: 216162199b28c13a410421893ffa2e32 -> 
  custom:container-demuxer-ogg: 62fdf1f143b41e24485cea50d1cbac27 -> 
  custom:video-decoder-webm-vp8: 9c59270c3fd7afecdb556c50c9e8de78 -> 
  custom:audio-decoder-ogg-vorbis: bf7c407c2cedff20999df2af8eb42d56 -> 
========================================================================
Received Import Request.
  Time since last request: 394091.370054 seconds.
  path: Assets/WheelController.cs
  artifactKey: Guid(130078bd4f474a24cae5a269d586f0e5) Importer(815301076,1909f56bfc062723c751e8b465ee728b)
Start importing Assets/WheelController.cs using Guid(130078bd4f474a24cae5a269d586f0e5) Importer(815301076,1909f56bfc062723c751e8b465ee728b)  -> (artifact id: '85218f242ea92b66ad009ce666cb3d3d') in 0.068207 seconds 
========================================================================
Received Import Request.
  Time since last request: 160.241625 seconds.
  path: Assets/Materials/g3312.mat
  artifactKey: Guid(cf6faf249e65f7747b9b1feca35e8569) Importer(815301076,1909f56bfc062723c751e8b465ee728b)
Start importing Assets/Materials/g3312.mat using Guid(cf6faf249e65f7747b9b1feca35e8569) Importer(815301076,1909f56bfc062723c751e8b465ee728b)  -> (artifact id: '84299ef920eb928b6b2825c6206c2e96') in 0.156293 seconds 
========================================================================
Received Import Request.
  Time since last request: 4.842200 seconds.
  path: Assets/Chess Set/Prefabs
  artifactKey: Guid(26827cace65ba2643b073f9358e8e759) Importer(815301076,1909f56bfc062723c751e8b465ee728b)
Start importing Assets/Chess Set/Prefabs using Guid(26827cace65ba2643b073f9358e8e759) Importer(815301076,1909f56bfc062723c751e8b465ee728b)  -> (artifact id: '6a7456e1435aec5fa150ec9cc4ba0416') in 0.006972 seconds 
========================================================================
Received Import Request.
  Time since last request: 0.212060 seconds.
  path: Assets/Chess Set/Prefabs/Chess Bishop Black.prefab
  artifactKey: Guid(8c44c8a6238ea0148bc07d2371dedc74) Importer(815301076,1909f56bfc062723c751e8b465ee728b)
Start importing Assets/Chess Set/Prefabs/Chess Bishop Black.prefab using Guid(8c44c8a6238ea0148bc07d2371dedc74) Importer(815301076,1909f56bfc062723c751e8b465ee728b)  -> (artifact id: 'b95bd660b5110202a4899462b3d6db95') in 0.144026 seconds 
========================================================================
Received Import Request.
  Time since last request: 0.001315 seconds.
  path: Assets/Chess Set/Prefabs/Chess Queen Black.prefab
  artifactKey: Guid(99331e88befbef94bbad253e659776ba) Importer(815301076,1909f56bfc062723c751e8b465ee728b)
Start importing Assets/Chess Set/Prefabs/Chess Queen Black.prefab using Guid(99331e88befbef94bbad253e659776ba) Importer(815301076,1909f56bfc062723c751e8b465ee728b)  -> (artifact id: '1eebd7beea383613551aa2b0616cd621') in 0.062409 seconds 
========================================================================
Received Import Request.
  Time since last request: 0.000027 seconds.
  path: Assets/Chess Set/Prefabs/Chess Rook White.prefab
  artifactKey: Guid(6771efaae8343104b88ef1dd839fd639) Importer(815301076,1909f56bfc062723c751e8b465ee728b)
Start importing Assets/Chess Set/Prefabs/Chess Rook White.prefab using Guid(6771efaae8343104b88ef1dd839fd639) Importer(815301076,1909f56bfc062723c751e8b465ee728b)  -> (artifact id: 'd7355e6dd7734bc73653ed18d28a21d5') in 0.031434 seconds 
========================================================================
Received Import Request.
  Time since last request: 0.000029 seconds.
  path: Assets/Chess Set/Prefabs/Chess Board.prefab
  artifactKey: Guid(857381d11efac0a4d91a3b3b8b94a827) Importer(815301076,1909f56bfc062723c751e8b465ee728b)
Start importing Assets/Chess Set/Prefabs/Chess Board.prefab using Guid(857381d11efac0a4d91a3b3b8b94a827) Importer(815301076,1909f56bfc062723c751e8b465ee728b)  -> (artifact id: '24acfc70881ee260791d358e42cf3097') in 0.028003 seconds 
========================================================================
Received Import Request.
  Time since last request: 0.000020 seconds.
  path: Assets/Chess Set/Prefabs/Chess Pawn Black.prefab
  artifactKey: Guid(61ed95d5d9afc0842b0c4d0c96678d38) Importer(815301076,1909f56bfc062723c751e8b465ee728b)
Start importing Assets/Chess Set/Prefabs/Chess Pawn Black.prefab using Guid(61ed95d5d9afc0842b0c4d0c96678d38) Importer(815301076,1909f56bfc062723c751e8b465ee728b)  -> (artifact id: '911b2bfa8c421ec0248d442add602836') in 0.078747 seconds 
========================================================================
Received Import Request.
  Time since last request: 0.000027 seconds.
  path: Assets/Chess Set/Prefabs/Chess King Black.prefab
  artifactKey: Guid(1700328aaf96fd243a71d862897619a4) Importer(815301076,1909f56bfc062723c751e8b465ee728b)
Start importing Assets/Chess Set/Prefabs/Chess King Black.prefab using Guid(1700328aaf96fd243a71d862897619a4) Importer(815301076,1909f56bfc062723c751e8b465ee728b)  -> (artifact id: '785fffb174af2dadfa3bbf5e9180527a') in 0.024313 seconds 
========================================================================
Received Import Request.
  Time since last request: 0.000031 seconds.
  path: Assets/Chess Set/Prefabs/Chess Queen White.prefab
  artifactKey: Guid(c9476b5c23fb4634485fcb52734c04d5) Importer(815301076,1909f56bfc062723c751e8b465ee728b)
Start importing Assets/Chess Set/Prefabs/Chess Queen White.prefab using Guid(c9476b5c23fb4634485fcb52734c04d5) Importer(815301076,1909f56bfc062723c751e8b465ee728b)  -> (artifact id: '01aba20121589dcbbe7e213c83d99bef') in 0.031206 seconds 
========================================================================
Received Import Request.
  Time since last request: 0.000022 seconds.
  path: Assets/Chess Set/Prefabs/Chess Rook Black.prefab
  artifactKey: Guid(411f5295934dd1c4eb5916e3c649f0a7) Importer(815301076,1909f56bfc062723c751e8b465ee728b)
Start importing Assets/Chess Set/Prefabs/Chess Rook Black.prefab using Guid(411f5295934dd1c4eb5916e3c649f0a7) Importer(815301076,1909f56bfc062723c751e8b465ee728b)  -> (artifact id: '0dfa20f98c13256ff12bf888b8f45a02') in 0.021100 seconds 
========================================================================
Received Import Request.
  Time since last request: 23.590281 seconds.
  path: Assets/Chess Set/Prefabs/Materials/White Pieces.mat
  artifactKey: Guid(b391301c47109a144bbb6408e48da028) Importer(815301076,1909f56bfc062723c751e8b465ee728b)
Start importing Assets/Chess Set/Prefabs/Materials/White Pieces.mat using Guid(b391301c47109a144bbb6408e48da028) Importer(815301076,1909f56bfc062723c751e8b465ee728b)  -> (artifact id: '0ec03a0b793bfb12676d0dd8dbd74674') in 0.027527 seconds 
========================================================================
Received Import Request.
  Time since last request: 26.390622 seconds.
  path: Assets/Chess Set/fbx/Materials/Chess Board Surround Mat.mat
  artifactKey: Guid(19a7f7dd4f56bdb4cbbd019b9a6bbf26) Importer(815301076,1909f56bfc062723c751e8b465ee728b)
Start importing Assets/Chess Set/fbx/Materials/Chess Board Surround Mat.mat using Guid(19a7f7dd4f56bdb4cbbd019b9a6bbf26) Importer(815301076,1909f56bfc062723c751e8b465ee728b)  -> (artifact id: 'e25b821c433a2da7e194600692d7c5dc') in 0.035052 seconds 
========================================================================
Received Import Request.
  Time since last request: 6.626792 seconds.
  path: Assets/Chess Set/fbx/Pieces/Chess King.fbx
  artifactKey: Guid(6a678404afed8a84499291f5b2dc6a73) Importer(815301076,1909f56bfc062723c751e8b465ee728b)
Start importing Assets/Chess Set/fbx/Pieces/Chess King.fbx using Guid(6a678404afed8a84499291f5b2dc6a73) Importer(815301076,1909f56bfc062723c751e8b465ee728b)  -> (artifact id: 'fe32bdd6e458ff9758c06a02288350ef') in 0.074942 seconds 
========================================================================
Received Import Request.
  Time since last request: 0.000488 seconds.
  path: Assets/Chess Set/fbx/Pieces/Chess Rook.fbx
  artifactKey: Guid(b66f4744e8bb24a448fcfa81a1781df5) Importer(815301076,1909f56bfc062723c751e8b465ee728b)
Start importing Assets/Chess Set/fbx/Pieces/Chess Rook.fbx using Guid(b66f4744e8bb24a448fcfa81a1781df5) Importer(815301076,1909f56bfc062723c751e8b465ee728b)  -> (artifact id: '78e12b3a36ec761f133492275de9121a') in 0.049336 seconds 
Editor requested this worker to shutdown with reason: Scaling down because of idle timeout
AssetImportWorker is now disconnected from the server
Process exiting
Exiting without the bug reporter. Application will terminate with return code 0